<?xml version="1.0" encoding="UTF-8"?>
<!-- Generated by org.testng.reporters.JUnitXMLReporter -->
<testsuite ignored="2" hostname="ujjwalanand" failures="1" tests="2" name="Test" time="30.798" errors="0" timestamp="2023-08-10T13:16:03 IST">
  <testcase classname="AdminModule.Admin_AddRestaurant_TestNGTest" name="Admin_AddRest" time="11.745">
    <failure type="java.lang.AssertionError" message="null">
      <![CDATA[java.lang.AssertionError: null
at AdminModule.Admin_AddRestaurant_TestNGTest.Admin_AddRest(Admin_AddRestaurant_TestNGTest.java:41)
at java.base/java.util.ArrayList.forEach(ArrayList.java:1511)
at java.base/java.util.concurrent.FutureTask.run(FutureTask.java:264)
at java.base/java.util.concurrent.ThreadPoolExecutor.runWorker(ThreadPoolExecutor.java:1130)
at java.base/java.util.concurrent.ThreadPoolExecutor$Worker.run(ThreadPoolExecutor.java:630)
at java.base/java.lang.Thread.run(Thread.java:831)
... Removed 20 stack frames]]>
    </failure>
  </testcase> <!-- Admin_AddRest -->
  <testcase classname="AdminModule.AddMenuTestNG_Test" name="addMenu" time="5.906"/>
  <testcase classname="com.ofos1.GenericUtility.BaseClass" name="@AfterSuite Config_AS" time="0.0">
    <ignored/>
  </testcase> <!-- @AfterSuite Config_AS -->
  <testcase classname="com.ofos1.GenericUtility.BaseClass" name="@BeforeSuite Config_BS" time="0.0">
    <ignored/>
  </testcase> <!-- @BeforeSuite Config_BS -->
</testsuite> <!-- Test -->
